DEBUG:root:Taking subsample of size: 1000
DEBUG:root:Running the normalization: QuantileTransformer(copy=True, ignore_implicit_zeros=False, n_quantiles=1000,
          output_distribution='uniform', random_state=None,
          subsample=100000)with the arguments: None
DEBUG:root:Transform saved to: normal_GEM.csv
DEBUG:root:Saving reduction to: reduction_GEM.csv
DEBUG:root:Clustring with the model: HDBSCAN(algorithm='best', allow_single_cluster=False, alpha=1.0,
    approx_min_span_tree=True, cluster_selection_method='eom',
    core_dist_n_jobs=4, gen_min_span_tree=False, leaf_size=40,
    match_reference_implementation=False, memory=Memory(location=None),
    metric='euclidean', min_cluster_size=5, min_samples=None, p=None,
    prediction_data=False)
DEBUG:root:Saved cluster labels to: clusters_GEM.csv
DEBUG:root:Interpreting clusters from filename: clusters_GEMWith tag: GEM
DEBUG:root:Examining 22 groups.
DEBUG:root:Examining subset of shape: (398, 476)
DEBUG:root:New subset: 1 saved to: subset_0.csv
DEBUG:root:Examining subset of shape: (127, 476)
DEBUG:root:New subset: 1 saved to: subset_1.csv
DEBUG:root:Examining subset of shape: (20, 476)
DEBUG:root:New subset: 1 saved to: subset_2.csv
DEBUG:root:Examining subset of shape: (109, 476)
DEBUG:root:New subset: 1 saved to: subset_6.csv
DEBUG:root:Examining subset of shape: (21, 476)
DEBUG:root:New subset: 1 saved to: subset_13.csv
DEBUG:root:Transform saved to: normal_GEM_13.csv
DEBUG:root:Transform saved to: normal_GEM_2.csv
DEBUG:root:Transform saved to: normal_GEM_1.csv
DEBUG:root:Transform saved to: normal_GEM_6.csv
DEBUG:root:Transform saved to: normal_GEM_0.csv
DEBUG:root:Saving reduction to: reduction_GEM_2.csv
DEBUG:root:Saving reduction to: reduction_GEM_13.csv
DEBUG:root:Saving reduction to: reduction_GEM_6.csv
DEBUG:root:Saving reduction to: reduction_GEM_1.csv
DEBUG:root:Saving reduction to: reduction_GEM_0.csv
DEBUG:root:Clustring with the model: HDBSCAN(algorithm='best', allow_single_cluster=False, alpha=1.0,
    approx_min_span_tree=True, cluster_selection_method='eom',
    core_dist_n_jobs=4, gen_min_span_tree=False, leaf_size=40,
    match_reference_implementation=False, memory=Memory(location=None),
    metric='euclidean', min_cluster_size=5, min_samples=None, p=None,
    prediction_data=False)
DEBUG:root:Saved cluster labels to: clusters_GEM_13.csv
DEBUG:root:Clustring with the model: HDBSCAN(algorithm='best', allow_single_cluster=False, alpha=1.0,
    approx_min_span_tree=True, cluster_selection_method='eom',
    core_dist_n_jobs=4, gen_min_span_tree=False, leaf_size=40,
    match_reference_implementation=False, memory=Memory(location=None),
    metric='euclidean', min_cluster_size=5, min_samples=None, p=None,
    prediction_data=False)
DEBUG:root:Saved cluster labels to: clusters_GEM_2.csv
DEBUG:root:Clustring with the model: HDBSCAN(algorithm='best', allow_single_cluster=False, alpha=1.0,
    approx_min_span_tree=True, cluster_selection_method='eom',
    core_dist_n_jobs=4, gen_min_span_tree=False, leaf_size=40,
    match_reference_implementation=False, memory=Memory(location=None),
    metric='euclidean', min_cluster_size=5, min_samples=None, p=None,
    prediction_data=False)
DEBUG:root:Saved cluster labels to: clusters_GEM_6.csv
DEBUG:root:Clustring with the model: HDBSCAN(algorithm='best', allow_single_cluster=False, alpha=1.0,
    approx_min_span_tree=True, cluster_selection_method='eom',
    core_dist_n_jobs=4, gen_min_span_tree=False, leaf_size=40,
    match_reference_implementation=False, memory=Memory(location=None),
    metric='euclidean', min_cluster_size=5, min_samples=None, p=None,
    prediction_data=False)
DEBUG:root:Saved cluster labels to: clusters_GEM_1.csv
DEBUG:root:Clustring with the model: HDBSCAN(algorithm='best', allow_single_cluster=False, alpha=1.0,
    approx_min_span_tree=True, cluster_selection_method='eom',
    core_dist_n_jobs=4, gen_min_span_tree=False, leaf_size=40,
    match_reference_implementation=False, memory=Memory(location=None),
    metric='euclidean', min_cluster_size=5, min_samples=None, p=None,
    prediction_data=False)
DEBUG:root:Saved cluster labels to: clusters_GEM_0.csv
DEBUG:root:Interpreting clusters from filename: clusters_GEM_2With tag: GEM
DEBUG:root:Examining 1 groups.
DEBUG:root:Interpreting clusters from filename: clusters_GEM_13With tag: GEM
DEBUG:root:Examining 1 groups.
DEBUG:root:Interpreting clusters from filename: clusters_GEM_6With tag: GEM
